#
# A fatal error has been detected by the Java Runtime Environment:
#
#  Internal Error (javaClasses.cpp:129), pid=6536, tid=6584
#  fatal error: Invalid layout of preloaded class
#
# JRE version: 7.0_17-b02
# Java VM: Java HotSpot(TM) 64-Bit Server VM (23.7-b01 mixed mode windows-amd64 compressed oops)
# Failed to write core dump. Minidumps are not enabled by default on client versions of Windows
#
# If you would like to submit a bug report, please visit:
#   http://bugreport.sun.com/bugreport/crash.jsp
#

---------------  T H R E A D  ---------------

Current thread (0x000000000270e000):  JavaThread "Unknown thread" [_thread_in_vm, id=6584, stack(0x0000000002520000,0x0000000002620000)]

Stack: [0x0000000002520000,0x0000000002620000]

---------------  P R O C E S S  ---------------

Java Threads: ( => current thread )

Other Threads:

=>0x000000000270e000 (exited) JavaThread "Unknown thread" [_thread_in_vm, id=6584, stack(0x0000000002520000,0x0000000002620000)]

VM state:not at safepoint (not fully initialized)

VM Mutex/Monitor currently owned by a thread: None

GC Heap History (0 events):
No events

Deoptimization events (0 events):
No events

Internal exceptions (0 events):
No events

Events (10 events):
Event: 0.015 loading class 0x0000000002762390 done
Event: 0.015 loading class 0x0000000002724d70 done
Event: 0.015 loading class 0x0000000002724b30
Event: 0.015 loading class 0x000000000b9cec90
Event: 0.015 loading class 0x000000000b9cec90 done
Event: 0.015 loading class 0x000000000b9ce750
Event: 0.015 loading class 0x000000000b9ce750 done
Event: 0.015 loading class 0x000000000b9cd1c0
Event: 0.015 loading class 0x000000000b9cd1c0 done
Event: 0.016 loading class 0x0000000002724b30 done


Dynamic libraries:
0x000007f705d90000 - 0x000007f705dc3000 	C:\Program Files\Java\jre7\bin\javaw.exe
0x000007fd298a0000 - 0x000007fd29a5e000 	C:\Windows\SYSTEM32\ntdll.dll
0x000007fd275a0000 - 0x000007fd276d6000 	C:\Windows\system32\KERNEL32.DLL
0x000007fd26890000 - 0x000007fd26983000 	C:\Windows\system32\KERNELBASE.dll
0x000007fd28270000 - 0x000007fd2834e000 	C:\Windows\system32\ADVAPI32.dll
0x000007fd28460000 - 0x000007fd285ac000 	C:\Windows\system32\USER32.dll
0x000007fd24760000 - 0x000007fd249c9000 	C:\Windows\WinSxS\amd64_microsoft.windows.common-controls_6595b64144ccf1df_6.0.9200.16384_none_418c2a697189c07f\COMCTL32.dll
0x000007fd283b0000 - 0x000007fd28455000 	C:\Windows\system32\msvcrt.dll
0x000007fd27870000 - 0x000007fd278b8000 	C:\Windows\SYSTEM32\sechost.dll
0x000007fd276e0000 - 0x000007fd27820000 	C:\Windows\system32\RPCRT4.dll
0x000007fd27c70000 - 0x000007fd27db0000 	C:\Windows\system32\GDI32.dll
0x000007fd27830000 - 0x000007fd27869000 	C:\Windows\system32\IMM32.DLL
0x000007fd27b50000 - 0x000007fd27c65000 	C:\Windows\system32\MSCTF.dll
0x000000006b7d0000 - 0x000000006b8a1000 	C:\Program Files\Java\jre7\bin\msvcr100.dll
0x000000006b0b0000 - 0x000000006b7cf000 	C:\Program Files\Java\jre7\bin\server\jvm.dll
0x000007fd23d00000 - 0x000007fd23d09000 	C:\Windows\SYSTEM32\WSOCK32.dll
0x000007fd20ac0000 - 0x000007fd20ae0000 	C:\Windows\SYSTEM32\WINMM.dll
0x000007fd281b0000 - 0x000007fd281b7000 	C:\Windows\system32\PSAPI.DLL
0x000007fd28350000 - 0x000007fd283a8000 	C:\Windows\system32\WS2_32.dll
0x000007fd20a80000 - 0x000007fd20ab2000 	C:\Windows\SYSTEM32\WINMMBASE.dll
0x000007fd27820000 - 0x000007fd27829000 	C:\Windows\system32\NSI.dll
0x000000006b0a0000 - 0x000000006b0af000 	C:\Program Files\Java\jre7\bin\verify.dll
0x000000006b070000 - 0x000000006b098000 	C:\Program Files\Java\jre7\bin\java.dll
0x000000006af30000 - 0x000000006af65000 	C:\Program Files\Java\jre7\bin\jdwp.dll
0x000000006af20000 - 0x000000006af28000 	C:\Program Files\Java\jre7\bin\npt.dll
0x000000006b050000 - 0x000000006b065000 	C:\Program Files\Java\jre7\bin\zip.dll

VM Arguments:
jvm_args: -agentlib:jdwp=transport=dt_socket,suspend=y,address=localhost:49752 -Dfile.encoding=Cp1252 -Xbootclasspath:C:\Users\smjergie\android-sdks\platforms\android-17\android.jar 
java_command: cs314.groupg.p4.V1.Quiz
Launcher Type: SUN_STANDARD

Environment Variables:
PATH=C:\Windows\system32;C:\Windows;C:\Windows\System32\Wbem;C:\Windows\System32\WindowsPowerShell\v1.0\;C:\Windows\System32\Windows System Resource Manager\bin;C:\Program Files (x86)\Microsoft SQL Server\100\Tools\Binn\;C:\Program Files\Microsoft SQL Server\100\Tools\Binn\;C:\Program Files\Microsoft SQL Server\100\DTS\Binn\
USERNAME=smjergie
OS=Windows_NT
PROCESSOR_IDENTIFIER=Intel64 Family 6 Model 42 Stepping 7, GenuineIntel



---------------  S Y S T E M  ---------------

OS: Windows 8 , 64 bit Build 9200 

CPU:total 8 (4 cores per cpu, 2 threads per core) family 6 model 42 stepping 7, cmov, cx8, fxsr, mmx, sse, sse2, sse3, ssse3, sse4.1, sse4.2, popcnt, avx, ht, tsc, tscinvbit

Memory: 4k page, physical 8344588k(5712832k free), swap 9589772k(6158560k free)

vm_info: Java HotSpot(TM) 64-Bit Server VM (23.7-b01) for windows-amd64 JRE (1.7.0_17-b02), built on Mar  1 2013 03:38:30 by "java_re" with unknown MS VC++:1600

time: Mon Apr 29 16:39:32 2013
elapsed time: 0 seconds

