#
# A fatal error has been detected by the Java Runtime Environment:
#
#  Internal Error (javaClasses.cpp:129), pid=4904, tid=9232
#  fatal error: Invalid layout of preloaded class
#
# JRE version: 7.0_17-b02
# Java VM: Java HotSpot(TM) 64-Bit Server VM (23.7-b01 mixed mode windows-amd64 compressed oops)
# Failed to write core dump. Minidumps are not enabled by default on client versions of Windows
#
# If you would like to submit a bug report, please visit:
#   http://bugreport.sun.com/bugreport/crash.jsp
#

---------------  T H R E A D  ---------------

Current thread (0x0000000002bfd800):  JavaThread "Unknown thread" [_thread_in_vm, id=9232, stack(0x0000000002cf0000,0x0000000002df0000)]

Stack: [0x0000000002cf0000,0x0000000002df0000]

---------------  P R O C E S S  ---------------

Java Threads: ( => current thread )

Other Threads:

=>0x0000000002bfd800 (exited) JavaThread "Unknown thread" [_thread_in_vm, id=9232, stack(0x0000000002cf0000,0x0000000002df0000)]

VM state:not at safepoint (not fully initialized)

VM Mutex/Monitor currently owned by a thread: None

GC Heap History (0 events):
No events

Deoptimization events (0 events):
No events

Internal exceptions (0 events):
No events

Events (10 events):
Event: 0.009 loading class 0x0000000002e41d50 done
Event: 0.009 loading class 0x0000000002e05460 done
Event: 0.009 loading class 0x0000000002e05430
Event: 0.009 loading class 0x000000000c0b39e0
Event: 0.009 loading class 0x000000000c0b39e0 done
Event: 0.009 loading class 0x000000000c0b3720
Event: 0.009 loading class 0x000000000c0b3720 done
Event: 0.009 loading class 0x000000000c0b27a0
Event: 0.009 loading class 0x000000000c0b27a0 done
Event: 0.009 loading class 0x0000000002e05430 done


Dynamic libraries:
0x000007f7b8910000 - 0x000007f7b8943000 	C:\Program Files\Java\jre7\bin\javaw.exe
0x000007fb00750000 - 0x000007fb0090e000 	C:\Windows\SYSTEM32\ntdll.dll
0x000007faffb80000 - 0x000007faffcb6000 	C:\Windows\system32\KERNEL32.DLL
0x000007fafd9b0000 - 0x000007fafdaa3000 	C:\Windows\system32\KERNELBASE.dll
0x000007faffa90000 - 0x000007faffb6e000 	C:\Windows\system32\ADVAPI32.dll
0x000007faff770000 - 0x000007faff8bc000 	C:\Windows\system32\USER32.dll
0x000007fafb2b0000 - 0x000007fafb519000 	C:\Windows\WinSxS\amd64_microsoft.windows.common-controls_6595b64144ccf1df_6.0.9200.16384_none_418c2a697189c07f\COMCTL32.dll
0x000007fafdc30000 - 0x000007fafdcd5000 	C:\Windows\system32\msvcrt.dll
0x000007fb00320000 - 0x000007fb00368000 	C:\Windows\SYSTEM32\sechost.dll
0x000007fb00560000 - 0x000007fb006a0000 	C:\Windows\system32\RPCRT4.dll
0x000007fb00420000 - 0x000007fb00560000 	C:\Windows\system32\GDI32.dll
0x000007fb006b0000 - 0x000007fb006e9000 	C:\Windows\system32\IMM32.DLL
0x000007faffeb0000 - 0x000007fafffc5000 	C:\Windows\system32\MSCTF.dll
0x000000006ce50000 - 0x000000006cf21000 	C:\Program Files\Java\jre7\bin\msvcr100.dll
0x000000006c730000 - 0x000000006ce4f000 	C:\Program Files\Java\jre7\bin\server\jvm.dll
0x000007faf8b10000 - 0x000007faf8b19000 	C:\Windows\SYSTEM32\WSOCK32.dll
0x000007faf7cf0000 - 0x000007faf7d10000 	C:\Windows\SYSTEM32\WINMM.dll
0x000007fb006a0000 - 0x000007fb006a7000 	C:\Windows\system32\PSAPI.DLL
0x000007fb006f0000 - 0x000007fb00748000 	C:\Windows\system32\WS2_32.dll
0x000007faf7cb0000 - 0x000007faf7ce2000 	C:\Windows\SYSTEM32\WINMMBASE.dll
0x000007faff200000 - 0x000007faff209000 	C:\Windows\system32\NSI.dll
0x000000006e530000 - 0x000000006e53f000 	C:\Program Files\Java\jre7\bin\verify.dll
0x000000006d2f0000 - 0x000000006d318000 	C:\Program Files\Java\jre7\bin\java.dll
0x000000006d2d0000 - 0x000000006d2e5000 	C:\Program Files\Java\jre7\bin\zip.dll

VM Arguments:
jvm_args: -Dfile.encoding=Cp1252 -Xbootclasspath:C:\Users\smjergie\android-sdks\platforms\android-17\android.jar 
java_command: cs314.groupg.p4.V1.Quiz
Launcher Type: SUN_STANDARD

Environment Variables:
PATH=C:\Windows\system32;C:\Windows;C:\Windows\System32\Wbem;C:\Windows\System32\WindowsPowerShell\v1.0\;C:\Windows\System32\Windows System Resource Manager\bin;C:\Program Files (x86)\Microsoft SQL Server\100\Tools\Binn\;C:\Program Files\Microsoft SQL Server\100\Tools\Binn\;C:\Program Files\Microsoft SQL Server\100\DTS\Binn\
USERNAME=smjergie
OS=Windows_NT
PROCESSOR_IDENTIFIER=Intel64 Family 6 Model 42 Stepping 7, GenuineIntel



---------------  S Y S T E M  ---------------

OS: Windows 8 , 64 bit Build 9200 

CPU:total 8 (4 cores per cpu, 2 threads per core) family 6 model 42 stepping 7, cmov, cx8, fxsr, mmx, sse, sse2, sse3, ssse3, sse4.1, sse4.2, popcnt, avx, ht, tsc, tscinvbit

Memory: 4k page, physical 8344588k(3946440k free), swap 9589772k(4236604k free)

vm_info: Java HotSpot(TM) 64-Bit Server VM (23.7-b01) for windows-amd64 JRE (1.7.0_17-b02), built on Mar  1 2013 03:38:30 by "java_re" with unknown MS VC++:1600

time: Mon Apr 29 16:28:48 2013
elapsed time: 0 seconds

